c:\users\fernyboy\documents\temporal_jp\linebalancingbooleanmethod-master\x64\release\vc140.pdb
c:\users\fernyboy\documents\temporal_jp\linebalancingbooleanmethod-master\x64\release\main.obj
c:\users\fernyboy\documents\temporal_jp\linebalancingbooleanmethod-master\x64\release\integrator.obj
c:\users\fernyboy\documents\temporal_jp\linebalancingbooleanmethod-master\x64\release\infovariableassignation.obj
c:\users\fernyboy\documents\temporal_jp\linebalancingbooleanmethod-master\x64\release\heuristic.obj
c:\users\fernyboy\documents\temporal_jp\linebalancingbooleanmethod-master\x64\release\groupfamilies.obj
c:\users\fernyboy\documents\temporal_jp\linebalancingbooleanmethod-master\x64\release\graphcreator.obj
c:\users\fernyboy\documents\temporal_jp\linebalancingbooleanmethod-master\x64\release\graph.obj
c:\users\fernyboy\documents\temporal_jp\linebalancingbooleanmethod-master\x64\release\filereader.obj
c:\users\fernyboy\documents\temporal_jp\linebalancingbooleanmethod-master\x64\release\equation.obj
c:\users\fernyboy\documents\temporal_jp\linebalancingbooleanmethod-master\x64\release\durationtree.obj
c:\users\fernyboy\documents\temporal_jp\linebalancingbooleanmethod-master\x64\release\durationnode.obj
c:\users\fernyboy\documents\temporal_jp\linebalancingbooleanmethod-master\x64\release\coordinatesvariable.obj
c:\users\fernyboy\documents\temporal_jp\linebalancingbooleanmethod-master\x64\release\constant.obj
c:\users\fernyboy\documents\temporal_jp\linebalancingbooleanmethod-master\x64\release\binaryrestriction.obj
c:\users\fernyboy\documents\temporal_jp\linebalancingbooleanmethod-master\x64\release\binarymixer.obj
c:\users\fernyboy\documents\temporal_jp\linebalancingbooleanmethod-master\x64\release\balas.obj
c:\users\fernyboy\documents\temporal_jp\linebalancingbooleanmethod-master\x64\release\assemblyline.obj
c:\users\fernyboy\documents\temporal_jp\linebalancingbooleanmethod-master\x64\release\allcandidatestations.obj
c:\users\fernyboy\documents\temporal_jp\linebalancingbooleanmethod-master\x64\release\activitycandidatestations.obj
c:\users\fernyboy\documents\temporal_jp\linebalancingbooleanmethod-master\x64\release\activity.obj
c:\users\fernyboy\documents\temporal_jp\linebalancingbooleanmethod-master\x64\release\vectorbr.obj
c:\users\fernyboy\documents\temporal_jp\linebalancingbooleanmethod-master\x64\release\variablefamily.obj
c:\users\fernyboy\documents\temporal_jp\linebalancingbooleanmethod-master\x64\release\variable.obj
c:\users\fernyboy\documents\temporal_jp\linebalancingbooleanmethod-master\x64\release\utilities.obj
c:\users\fernyboy\documents\temporal_jp\linebalancingbooleanmethod-master\x64\release\stdafx.obj
c:\users\fernyboy\documents\temporal_jp\linebalancingbooleanmethod-master\x64\release\station.obj
c:\users\fernyboy\documents\temporal_jp\linebalancingbooleanmethod-master\x64\release\simplifier.obj
c:\users\fernyboy\documents\temporal_jp\linebalancingbooleanmethod-master\x64\release\restrictions.obj
c:\users\fernyboy\documents\temporal_jp\linebalancingbooleanmethod-master\x64\release\restrictiongenerator.obj
c:\users\fernyboy\documents\temporal_jp\linebalancingbooleanmethod-master\x64\release\precedencerestriction.obj
c:\users\fernyboy\documents\temporal_jp\linebalancingbooleanmethod-master\x64\release\negrestriction.obj
c:\users\fernyboy\documents\temporal_jp\linebalancingbooleanmethod-master\x64\release\cpp_standard_headers_indexer.obj
c:\users\fernyboy\documents\temporal_jp\linebalancingbooleanmethod-master\x64\release\model.obj
c:\users\fernyboy\documents\temporal_jp\linebalancingbooleanmethod-master\x64\release\mixer.obj
c:\users\fernyboy\documents\temporal_jp\linebalancingbooleanmethod-master\x64\release\c_standard_headers_indexer.obj
c:\users\fernyboy\documents\temporal_jp\linebalancingbooleanmethod-master\x64\release\linebalancep.pdb
c:\users\fernyboy\documents\temporal_jp\linebalancingbooleanmethod-master\x64\release\linebalancep.tlog\cl.command.1.tlog
c:\users\fernyboy\documents\temporal_jp\linebalancingbooleanmethod-master\x64\release\linebalancep.tlog\cl.read.1.tlog
c:\users\fernyboy\documents\temporal_jp\linebalancingbooleanmethod-master\x64\release\linebalancep.tlog\cl.write.1.tlog
c:\users\fernyboy\documents\temporal_jp\linebalancingbooleanmethod-master\x64\release\linebalancep.tlog\link-cvtres.read.1.tlog
c:\users\fernyboy\documents\temporal_jp\linebalancingbooleanmethod-master\x64\release\linebalancep.tlog\link-cvtres.write.1.tlog
c:\users\fernyboy\documents\temporal_jp\linebalancingbooleanmethod-master\x64\release\linebalancep.tlog\link-rc.read.1.tlog
c:\users\fernyboy\documents\temporal_jp\linebalancingbooleanmethod-master\x64\release\linebalancep.tlog\link-rc.write.1.tlog
c:\users\fernyboy\documents\temporal_jp\linebalancingbooleanmethod-master\x64\release\linebalancep.tlog\link.command.1.tlog
c:\users\fernyboy\documents\temporal_jp\linebalancingbooleanmethod-master\x64\release\linebalancep.tlog\link.read.1.tlog
c:\users\fernyboy\documents\temporal_jp\linebalancingbooleanmethod-master\x64\release\linebalancep.tlog\link.write.1.tlog
