c:\users\fernyboy\documents\temporal_jp\linebalancingbooleanmethod-master\debug\vc140.pdb
c:\users\fernyboy\documents\temporal_jp\linebalancingbooleanmethod-master\debug\vc140.idb
c:\users\fernyboy\documents\temporal_jp\linebalancingbooleanmethod-master\debug\graphcreator.obj
c:\users\fernyboy\documents\temporal_jp\linebalancingbooleanmethod-master\debug\groupfamilies.obj
c:\users\fernyboy\documents\temporal_jp\linebalancingbooleanmethod-master\debug\heuristic.obj
c:\users\fernyboy\documents\temporal_jp\linebalancingbooleanmethod-master\debug\infovariableassignation.obj
c:\users\fernyboy\documents\temporal_jp\linebalancingbooleanmethod-master\debug\integrator.obj
c:\users\fernyboy\documents\temporal_jp\linebalancingbooleanmethod-master\debug\main.obj
c:\users\fernyboy\documents\temporal_jp\linebalancingbooleanmethod-master\debug\mixer.obj
c:\users\fernyboy\documents\temporal_jp\linebalancingbooleanmethod-master\debug\model.obj
c:\users\fernyboy\documents\temporal_jp\linebalancingbooleanmethod-master\debug\cpp_standard_headers_indexer.obj
c:\users\fernyboy\documents\temporal_jp\linebalancingbooleanmethod-master\debug\negrestriction.obj
c:\users\fernyboy\documents\temporal_jp\linebalancingbooleanmethod-master\debug\precedencerestriction.obj
c:\users\fernyboy\documents\temporal_jp\linebalancingbooleanmethod-master\debug\restrictiongenerator.obj
c:\users\fernyboy\documents\temporal_jp\linebalancingbooleanmethod-master\debug\restrictions.obj
c:\users\fernyboy\documents\temporal_jp\linebalancingbooleanmethod-master\debug\simplifier.obj
c:\users\fernyboy\documents\temporal_jp\linebalancingbooleanmethod-master\debug\station.obj
c:\users\fernyboy\documents\temporal_jp\linebalancingbooleanmethod-master\debug\stdafx.obj
c:\users\fernyboy\documents\temporal_jp\linebalancingbooleanmethod-master\debug\utilities.obj
c:\users\fernyboy\documents\temporal_jp\linebalancingbooleanmethod-master\debug\variable.obj
c:\users\fernyboy\documents\temporal_jp\linebalancingbooleanmethod-master\debug\variablefamily.obj
c:\users\fernyboy\documents\temporal_jp\linebalancingbooleanmethod-master\debug\vectorbr.obj
c:\users\fernyboy\documents\temporal_jp\linebalancingbooleanmethod-master\debug\activity.obj
c:\users\fernyboy\documents\temporal_jp\linebalancingbooleanmethod-master\debug\activitycandidatestations.obj
c:\users\fernyboy\documents\temporal_jp\linebalancingbooleanmethod-master\debug\allcandidatestations.obj
c:\users\fernyboy\documents\temporal_jp\linebalancingbooleanmethod-master\debug\assemblyline.obj
c:\users\fernyboy\documents\temporal_jp\linebalancingbooleanmethod-master\debug\balas.obj
c:\users\fernyboy\documents\temporal_jp\linebalancingbooleanmethod-master\debug\binarymixer.obj
c:\users\fernyboy\documents\temporal_jp\linebalancingbooleanmethod-master\debug\binaryrestriction.obj
c:\users\fernyboy\documents\temporal_jp\linebalancingbooleanmethod-master\debug\constant.obj
c:\users\fernyboy\documents\temporal_jp\linebalancingbooleanmethod-master\debug\coordinatesvariable.obj
c:\users\fernyboy\documents\temporal_jp\linebalancingbooleanmethod-master\debug\durationnode.obj
c:\users\fernyboy\documents\temporal_jp\linebalancingbooleanmethod-master\debug\durationtree.obj
c:\users\fernyboy\documents\temporal_jp\linebalancingbooleanmethod-master\debug\equation.obj
c:\users\fernyboy\documents\temporal_jp\linebalancingbooleanmethod-master\debug\filereader.obj
c:\users\fernyboy\documents\temporal_jp\linebalancingbooleanmethod-master\debug\graph.obj
c:\users\fernyboy\documents\temporal_jp\linebalancingbooleanmethod-master\debug\c_standard_headers_indexer.obj
c:\users\fernyboy\documents\temporal_jp\linebalancingbooleanmethod-master\debug\linebalancep.tlog\cl.command.1.tlog
c:\users\fernyboy\documents\temporal_jp\linebalancingbooleanmethod-master\debug\linebalancep.tlog\cl.read.1.tlog
c:\users\fernyboy\documents\temporal_jp\linebalancingbooleanmethod-master\debug\linebalancep.tlog\cl.write.1.tlog
c:\users\fernyboy\documents\temporal_jp\linebalancingbooleanmethod-master\debug\linebalancep.tlog\link.command.1.tlog
c:\users\fernyboy\documents\temporal_jp\linebalancingbooleanmethod-master\debug\linebalancep.tlog\link.read.1.tlog
c:\users\fernyboy\documents\temporal_jp\linebalancingbooleanmethod-master\debug\linebalancep.tlog\link.write.1.tlog
