c:\users\fernyboy\documents\temporal_jp\linebalancingbooleanmethod-master\x64\debug\vc140.pdb
c:\users\fernyboy\documents\temporal_jp\linebalancingbooleanmethod-master\x64\debug\vc140.idb
c:\users\fernyboy\documents\temporal_jp\linebalancingbooleanmethod-master\x64\debug\graphcreator.obj
c:\users\fernyboy\documents\temporal_jp\linebalancingbooleanmethod-master\x64\debug\groupfamilies.obj
c:\users\fernyboy\documents\temporal_jp\linebalancingbooleanmethod-master\x64\debug\heuristic.obj
c:\users\fernyboy\documents\temporal_jp\linebalancingbooleanmethod-master\x64\debug\infovariableassignation.obj
c:\users\fernyboy\documents\temporal_jp\linebalancingbooleanmethod-master\x64\debug\integrator.obj
c:\users\fernyboy\documents\temporal_jp\linebalancingbooleanmethod-master\x64\debug\main.obj
c:\users\fernyboy\documents\temporal_jp\linebalancingbooleanmethod-master\x64\debug\mixer.obj
c:\users\fernyboy\documents\temporal_jp\linebalancingbooleanmethod-master\x64\debug\model.obj
c:\users\fernyboy\documents\temporal_jp\linebalancingbooleanmethod-master\x64\debug\cpp_standard_headers_indexer.obj
c:\users\fernyboy\documents\temporal_jp\linebalancingbooleanmethod-master\x64\debug\negrestriction.obj
c:\users\fernyboy\documents\temporal_jp\linebalancingbooleanmethod-master\x64\debug\precedencerestriction.obj
c:\users\fernyboy\documents\temporal_jp\linebalancingbooleanmethod-master\x64\debug\restrictiongenerator.obj
c:\users\fernyboy\documents\temporal_jp\linebalancingbooleanmethod-master\x64\debug\restrictions.obj
c:\users\fernyboy\documents\temporal_jp\linebalancingbooleanmethod-master\x64\debug\simplifier.obj
c:\users\fernyboy\documents\temporal_jp\linebalancingbooleanmethod-master\x64\debug\station.obj
c:\users\fernyboy\documents\temporal_jp\linebalancingbooleanmethod-master\x64\debug\stdafx.obj
c:\users\fernyboy\documents\temporal_jp\linebalancingbooleanmethod-master\x64\debug\utilities.obj
c:\users\fernyboy\documents\temporal_jp\linebalancingbooleanmethod-master\x64\debug\variable.obj
c:\users\fernyboy\documents\temporal_jp\linebalancingbooleanmethod-master\x64\debug\variablefamily.obj
c:\users\fernyboy\documents\temporal_jp\linebalancingbooleanmethod-master\x64\debug\vectorbr.obj
c:\users\fernyboy\documents\temporal_jp\linebalancingbooleanmethod-master\x64\debug\activity.obj
c:\users\fernyboy\documents\temporal_jp\linebalancingbooleanmethod-master\x64\debug\activitycandidatestations.obj
c:\users\fernyboy\documents\temporal_jp\linebalancingbooleanmethod-master\x64\debug\allcandidatestations.obj
c:\users\fernyboy\documents\temporal_jp\linebalancingbooleanmethod-master\x64\debug\assemblyline.obj
c:\users\fernyboy\documents\temporal_jp\linebalancingbooleanmethod-master\x64\debug\balas.obj
c:\users\fernyboy\documents\temporal_jp\linebalancingbooleanmethod-master\x64\debug\binarymixer.obj
c:\users\fernyboy\documents\temporal_jp\linebalancingbooleanmethod-master\x64\debug\binaryrestriction.obj
c:\users\fernyboy\documents\temporal_jp\linebalancingbooleanmethod-master\x64\debug\constant.obj
c:\users\fernyboy\documents\temporal_jp\linebalancingbooleanmethod-master\x64\debug\coordinatesvariable.obj
c:\users\fernyboy\documents\temporal_jp\linebalancingbooleanmethod-master\x64\debug\durationnode.obj
c:\users\fernyboy\documents\temporal_jp\linebalancingbooleanmethod-master\x64\debug\durationtree.obj
c:\users\fernyboy\documents\temporal_jp\linebalancingbooleanmethod-master\x64\debug\equation.obj
c:\users\fernyboy\documents\temporal_jp\linebalancingbooleanmethod-master\x64\debug\filereader.obj
c:\users\fernyboy\documents\temporal_jp\linebalancingbooleanmethod-master\x64\debug\graph.obj
c:\users\fernyboy\documents\temporal_jp\linebalancingbooleanmethod-master\x64\debug\c_standard_headers_indexer.obj
c:\users\fernyboy\documents\temporal_jp\linebalancingbooleanmethod-master\x64\debug\cudakernells.cu.cache
c:\users\fernyboy\documents\temporal_jp\linebalancingbooleanmethod-master\x64\debug\main.cu.cache
c:\users\fernyboy\documents\temporal_jp\linebalancingbooleanmethod-master\x64\debug\cudakernells.cu.obj
c:\users\fernyboy\documents\temporal_jp\linebalancingbooleanmethod-master\x64\debug\main.cu.obj
c:\users\fernyboy\documents\temporal_jp\linebalancingbooleanmethod-master\x64\debug\linebalancep.pdb
c:\users\fernyboy\documents\temporal_jp\linebalancingbooleanmethod-master\x64\debug\linebalancep.tlog\cl.command.1.tlog
c:\users\fernyboy\documents\temporal_jp\linebalancingbooleanmethod-master\x64\debug\linebalancep.tlog\cl.read.1.tlog
c:\users\fernyboy\documents\temporal_jp\linebalancingbooleanmethod-master\x64\debug\linebalancep.tlog\cl.write.1.tlog
c:\users\fernyboy\documents\temporal_jp\linebalancingbooleanmethod-master\x64\debug\linebalancep.tlog\link-cvtres.read.1.tlog
c:\users\fernyboy\documents\temporal_jp\linebalancingbooleanmethod-master\x64\debug\linebalancep.tlog\link-cvtres.write.1.tlog
c:\users\fernyboy\documents\temporal_jp\linebalancingbooleanmethod-master\x64\debug\linebalancep.tlog\link-rc.read.1.tlog
c:\users\fernyboy\documents\temporal_jp\linebalancingbooleanmethod-master\x64\debug\linebalancep.tlog\link-rc.write.1.tlog
c:\users\fernyboy\documents\temporal_jp\linebalancingbooleanmethod-master\x64\debug\linebalancep.tlog\link.command.1.tlog
c:\users\fernyboy\documents\temporal_jp\linebalancingbooleanmethod-master\x64\debug\linebalancep.tlog\link.read.1.tlog
c:\users\fernyboy\documents\temporal_jp\linebalancingbooleanmethod-master\x64\debug\linebalancep.tlog\link.write.1.tlog
