c:\users\fernyboy\documents\temporal_jp\linebalancingbooleanmethod-master\release\vc140.pdb
c:\users\fernyboy\documents\temporal_jp\linebalancingbooleanmethod-master\release\main.obj
c:\users\fernyboy\documents\temporal_jp\linebalancingbooleanmethod-master\release\integrator.obj
c:\users\fernyboy\documents\temporal_jp\linebalancingbooleanmethod-master\release\infovariableassignation.obj
c:\users\fernyboy\documents\temporal_jp\linebalancingbooleanmethod-master\release\heuristic.obj
c:\users\fernyboy\documents\temporal_jp\linebalancingbooleanmethod-master\release\groupfamilies.obj
c:\users\fernyboy\documents\temporal_jp\linebalancingbooleanmethod-master\release\graphcreator.obj
c:\users\fernyboy\documents\temporal_jp\linebalancingbooleanmethod-master\release\graph.obj
c:\users\fernyboy\documents\temporal_jp\linebalancingbooleanmethod-master\release\filereader.obj
c:\users\fernyboy\documents\temporal_jp\linebalancingbooleanmethod-master\release\equation.obj
c:\users\fernyboy\documents\temporal_jp\linebalancingbooleanmethod-master\release\durationtree.obj
c:\users\fernyboy\documents\temporal_jp\linebalancingbooleanmethod-master\release\durationnode.obj
c:\users\fernyboy\documents\temporal_jp\linebalancingbooleanmethod-master\release\coordinatesvariable.obj
c:\users\fernyboy\documents\temporal_jp\linebalancingbooleanmethod-master\release\constant.obj
c:\users\fernyboy\documents\temporal_jp\linebalancingbooleanmethod-master\release\binaryrestriction.obj
c:\users\fernyboy\documents\temporal_jp\linebalancingbooleanmethod-master\release\binarymixer.obj
c:\users\fernyboy\documents\temporal_jp\linebalancingbooleanmethod-master\release\balas.obj
c:\users\fernyboy\documents\temporal_jp\linebalancingbooleanmethod-master\release\assemblyline.obj
c:\users\fernyboy\documents\temporal_jp\linebalancingbooleanmethod-master\release\allcandidatestations.obj
c:\users\fernyboy\documents\temporal_jp\linebalancingbooleanmethod-master\release\activitycandidatestations.obj
c:\users\fernyboy\documents\temporal_jp\linebalancingbooleanmethod-master\release\activity.obj
c:\users\fernyboy\documents\temporal_jp\linebalancingbooleanmethod-master\release\vectorbr.obj
c:\users\fernyboy\documents\temporal_jp\linebalancingbooleanmethod-master\release\variablefamily.obj
c:\users\fernyboy\documents\temporal_jp\linebalancingbooleanmethod-master\release\variable.obj
c:\users\fernyboy\documents\temporal_jp\linebalancingbooleanmethod-master\release\utilities.obj
c:\users\fernyboy\documents\temporal_jp\linebalancingbooleanmethod-master\release\stdafx.obj
c:\users\fernyboy\documents\temporal_jp\linebalancingbooleanmethod-master\release\station.obj
c:\users\fernyboy\documents\temporal_jp\linebalancingbooleanmethod-master\release\simplifier.obj
c:\users\fernyboy\documents\temporal_jp\linebalancingbooleanmethod-master\release\restrictions.obj
c:\users\fernyboy\documents\temporal_jp\linebalancingbooleanmethod-master\release\restrictiongenerator.obj
c:\users\fernyboy\documents\temporal_jp\linebalancingbooleanmethod-master\release\precedencerestriction.obj
c:\users\fernyboy\documents\temporal_jp\linebalancingbooleanmethod-master\release\negrestriction.obj
c:\users\fernyboy\documents\temporal_jp\linebalancingbooleanmethod-master\release\cpp_standard_headers_indexer.obj
c:\users\fernyboy\documents\temporal_jp\linebalancingbooleanmethod-master\release\model.obj
c:\users\fernyboy\documents\temporal_jp\linebalancingbooleanmethod-master\release\mixer.obj
c:\users\fernyboy\documents\temporal_jp\linebalancingbooleanmethod-master\release\c_standard_headers_indexer.obj
c:\users\fernyboy\documents\temporal_jp\linebalancingbooleanmethod-master\release\linebalancep.pdb
c:\users\fernyboy\documents\temporal_jp\linebalancingbooleanmethod-master\release\linebalancep.tlog\cl.command.1.tlog
c:\users\fernyboy\documents\temporal_jp\linebalancingbooleanmethod-master\release\linebalancep.tlog\cl.read.1.tlog
c:\users\fernyboy\documents\temporal_jp\linebalancingbooleanmethod-master\release\linebalancep.tlog\cl.write.1.tlog
c:\users\fernyboy\documents\temporal_jp\linebalancingbooleanmethod-master\release\linebalancep.tlog\link-cvtres.read.1.tlog
c:\users\fernyboy\documents\temporal_jp\linebalancingbooleanmethod-master\release\linebalancep.tlog\link-cvtres.write.1.tlog
c:\users\fernyboy\documents\temporal_jp\linebalancingbooleanmethod-master\release\linebalancep.tlog\link-rc.read.1.tlog
c:\users\fernyboy\documents\temporal_jp\linebalancingbooleanmethod-master\release\linebalancep.tlog\link-rc.write.1.tlog
c:\users\fernyboy\documents\temporal_jp\linebalancingbooleanmethod-master\release\linebalancep.tlog\link.command.1.tlog
c:\users\fernyboy\documents\temporal_jp\linebalancingbooleanmethod-master\release\linebalancep.tlog\link.read.1.tlog
c:\users\fernyboy\documents\temporal_jp\linebalancingbooleanmethod-master\release\linebalancep.tlog\link.write.1.tlog
